0	1	mikroCPIC1618.exe -MSF -DBG -pP16F887 -DL -O11111115 -fo4 -N"C:\Users\Tolis\Dropbox\mikroC\tasks_timer\v17\tasks_timer.mcppi" -SP"C:\Users\Public\Documents\Mikroelektronika\mikroC PRO for PIC\defs\" -SP"C:\Users\Public\Documents\Mikroelektronika\mikroC PRO for PIC\Uses\P16\" -SP"C:\Users\Tolis\Dropbox\mikroC\tasks_timer\v17\" -SP"C:\Program Files (x86)\mikroC PRO for PIC\defs\" -SP"C:\Program Files (x86)\mikroC PRO for PIC\Uses\P16\" -SP"U:\Dropbox\mikroC\tasks_timer\v17\" -SP"C:\Users\Tolis\Dropbox\mikroC\tasks_timer\v16\" -SP"U:\Dropbox\mikroC\tasks_timer\v16\" -SP"C:\Users\Tolis\Dropbox\mikroC\tasks_timer\v15\" -SP"C:\Users\Tolis\Dropbox\mikroC\tasks_timer\v14\" -SP"C:\Users\Tolis\Dropbox\mikroC\tasks_timer\v13\" -SP"C:\Users\Tolis\Dropbox\mikroC\tasks_timer\v11_2\" -SP"C:\Users\Tolis\Dropbox\mikroC\tasks_timer\v11_OK\" -SP"C:\Users\Tolis\Dropbox\mikroC\tasks_timer\v11\" -SP"C:\Users\Tolis\Dropbox\mikroC\tasks_timer\v10\" -SP"C:\Users\Tolis\Dropbox\mikroC\tasks_timer\v9\" -SP"C:\Users\Tolis\Dropbox\mikroC\tasks_timer\v8\" -SP"C:\Users\Tolis\Dropbox\mikroC\tasks_timer\v7\" -SP"C:\Users\Tolis\Dropbox\mikroC\tasks_timer\v5\" -SP"C:\Users\Tolis\Dropbox\mikroC\tasks_timer\v4\" -SP"C:\Users\Tolis\Dropbox\mikroC\tasks_timer\v2\" -SP"C:\Users\Tolis\Dropbox\mikroC\tasks_timer\v1\" -SP"C:\Users\Tolis\Dropbox\mikroC\tasks_timer\" "tasks_timer.c" "__Lib_Math.mcl" "__Lib_MathDouble.mcl" "__Lib_System.mcl" "__Lib_Delays.mcl" "__Lib_CType.mcl" "__Lib_CString.mcl" "__Lib_CStdlib.mcl" "__Lib_CMath.mcl" "__Lib_MemManager.mcl" "__Lib_Conversions.mcl" "__Lib_Sprinti.mcl" "__Lib_Sprintl.mcl" "__Lib_Time.mcl" "__Lib_Trigonometry.mcl" "__Lib_Button.mcl" "__Lib_Keypad4x4.mcl" "__Lib_Manchester.mcl" "__Lib_OneWire.mcl" "__Lib_PS2.mcl" "__Lib_Sound.mcl" "__Lib_SoftI2C.mcl" "__Lib_SoftSPI.mcl" "__Lib_SoftUART.mcl" "__Lib_ADC_88X.mcl" "__Lib_EEPROM.mcl" "__Lib_FLASH_RW.mcl" "__Lib_I2C_c34.mcl" "__Lib_PWM_c21.mcl" "__Lib_SPI_c345.mcl" "__Lib_UART_c67.mcl" "__Lib_PortExpander.mcl" "__Lib_CANSPI.mcl" "__Lib_CF.mcl" "__Lib_GlcdFonts.mcl" "__Lib_Glcd.mcl" "__Lib_LcdConsts.mcl" "__Lib_Lcd.mcl" "__Lib_RS485.mcl" "__Lib_S1D13700.mcl" "__Lib_T6963C.mcl" "__Lib_SPIGlcd.mcl" "__Lib_SPILcd.mcl" "__Lib_SPILcd8.mcl" "__Lib_SPIT6963C.mcl" "__Lib_EthEnc28j60.mcl" "__Lib_EthEnc24j600.mcl" "__Lib_TouchPanel.mcl"	 
warning: 0	1501	Specified search path does not exist: 'C:\Program Files (x86)\mikroC PRO for PIC\defs'	 
warning: 0	1501	Specified search path does not exist: 'C:\Program Files (x86)\mikroC PRO for PIC\Uses\P16'	 
warning: 0	1501	Specified search path does not exist: 'U:\Dropbox\mikroC\tasks_timer\v17'	 
warning: 0	1501	Specified search path does not exist: 'C:\Users\Tolis\Dropbox\mikroC\tasks_timer\v16'	 
warning: 0	1501	Specified search path does not exist: 'U:\Dropbox\mikroC\tasks_timer\v16'	 
warning: 0	1501	Specified search path does not exist: 'C:\Users\Tolis\Dropbox\mikroC\tasks_timer\v11_OK'	 
warning: 0	1501	Specified search path does not exist: 'C:\Users\Tolis\Dropbox\mikroC\tasks_timer\v11'	 
warning: 0	1501	Specified search path does not exist: 'C:\Users\Tolis\Dropbox\mikroC\tasks_timer\v8'	 
hint: 0	1139	Available RAM: 352 [bytes], Available ROM: 8192 [bytes]	 
diagnostics: 0	126	All files Preprocessed in 32 ms	 
diagnostics: 0	122	Compilation Started	tasks_timer.c
diagnostics: 1079	123	Compiled Successfully	tasks_timer.c
diagnostics: 0	127	All files Compiled in 203 ms	 
hint: 0	1144	Used RAM (bytes): 101 (29%)  Free RAM (bytes): 251 (71%)	Used RAM (bytes): 101 (29%)  Free RAM (bytes): 251 (71%)
hint: 0	1144	Used ROM (program words): 6707 (82%)  Free ROM (program words): 1485 (18%)	Used ROM (program words): 6707 (82%)  Free ROM (program words): 1485 (18%)
diagnostics: 0	125	Project Linked Successfully	tasks_timer.mcppi
diagnostics: 0	128	Linked in 218 ms	 
diagnostics: 0	129	Project 'tasks_timer.mcppi' completed: 546 ms	 
diagnostics: 0	103	Finished successfully: 11 …·Ì 2015, 23:19:50	tasks_timer.mcppi
